<?xml version="1.0" encoding="UTF-8"?>
<!-- Generated by org.testng.reporters.JUnitReportReporter -->
<testsuite hostname="Folkslogic01" failures="0" tests="6" name="com.testcases.LoginfunctionalityTest" time="63.810" errors="0" timestamp="2024-03-12T10:35:17 IST" skipped="0">
  <testcase classname="com.testcases.LoginfunctionalityTest" name="loginwithvalidCredentials" time="10.154"/>
  <system-out/>
  <testcase classname="com.testcases.LoginfunctionalityTest" name="loginwithvalidCredentials" time="10.058"/>
  <system-out/>
  <testcase classname="com.testcases.LoginfunctionalityTest" name="loginwithvalidCredentials" time="12.237"/>
  <system-out/>
  <testcase classname="com.testcases.LoginfunctionalityTest" name="loginwithinvalidCredentials" time="10.107"/>
  <system-out/>
  <testcase classname="com.testcases.LoginfunctionalityTest" name="loginwithInnvalidEmailandvalidPassword" time="9.995"/>
  <system-out/>
  <testcase classname="com.testcases.LoginfunctionalityTest" name="loginwithValidEmailandInvalidPassword" time="11.259"/>
  <system-out/>
</testsuite> <!-- com.testcases.LoginfunctionalityTest -->
