<?xml version="1.0" encoding="UTF-8"?>
<!-- Generated by org.testng.reporters.JUnitReportReporter -->
<testsuite hostname="DESKTOP-JIUBV2K" failures="0" tests="1" name="com.testcases.FullContainerShipment" time="29.021" errors="0" timestamp="2024-02-22T13:32:57 IST" skipped="0">
  <testcase classname="com.testcases.FullContainerShipment" name="LooseCargoShipment" time="29.021"/>
</testsuite> <!-- com.testcases.FullContainerShipment -->
