<?xml version="1.0" encoding="UTF-8"?>
<!-- Generated by org.testng.reporters.JUnitReportReporter -->
<testsuite hostname="Folkslogic01" failures="0" tests="2" name="com.testcases.Createshipment" time="43.444" errors="0" timestamp="2024-03-11T11:03:54 IST" skipped="0">
  <testcase classname="com.testcases.Createshipment" name="CreateFullContainerShipment" time="21.678"/>
  <system-out/>
  <testcase classname="com.testcases.Createshipment" name="LooseCargoShipment" time="21.766"/>
  <system-out/>
</testsuite> <!-- com.testcases.Createshipment -->
