<?xml version="1.0" encoding="UTF-8"?>
<!-- Generated by org.testng.reporters.JUnitReportReporter -->
<testsuite hostname="Folkslogic01" failures="0" tests="1" name="com.testcases.AddDriverTest" time="16.238" errors="0" timestamp="2024-03-12T10:42:59 IST" skipped="0">
  <testcase classname="com.testcases.AddDriverTest" name="AddUserwithoutfillingtheDetails" time="16.238"/>
  <system-out/>
</testsuite> <!-- com.testcases.AddDriverTest -->
