<?xml version="1.0" encoding="UTF-8"?>
<!-- Generated by org.testng.reporters.JUnitReportReporter -->
<testsuite hostname="Folkslogic01" failures="0" tests="2" name="com.testcases.CreateContacts" time="25.813" errors="0" timestamp="2024-03-11T11:03:54 IST" skipped="0">
  <testcase classname="com.testcases.CreateContacts" name="AddContact" time="12.100"/>
  <system-out/>
  <testcase classname="com.testcases.CreateContacts" name="AddContactwithoutFillingtheDetails" time="13.713"/>
  <system-out/>
</testsuite> <!-- com.testcases.CreateContacts -->
