<?xml version="1.0" encoding="UTF-8"?>
<!-- Generated by org.testng.reporters.JUnitReportReporter -->
<testsuite hostname="Folkslogic01" failures="0" tests="2" name="com.testcases.AddDriver" time="39.034" errors="0" timestamp="2024-03-11T11:03:54 IST" skipped="0">
  <testcase classname="com.testcases.AddDriver" name="AddaDriver" time="23.592"/>
  <system-out/>
  <testcase classname="com.testcases.AddDriver" name="AddUserwithoutfillingtheDetails" time="15.442"/>
  <system-out/>
</testsuite> <!-- com.testcases.AddDriver -->
