<?xml version="1.0" encoding="UTF-8"?>
<!-- Generated by org.testng.reporters.JUnitReportReporter -->
<testsuite hostname="Folkslogic01" failures="0" tests="2" name="com.testcases.CreateContactsTest" time="26.300" errors="0" timestamp="2024-03-12T11:35:27 IST" skipped="0">
  <testcase classname="com.testcases.CreateContactsTest" name="AddContact" time="12.637"/>
  <testcase classname="com.testcases.CreateContactsTest" name="AddContactwithoutFillingtheDetails" time="13.663"/>
</testsuite> <!-- com.testcases.CreateContactsTest -->
