<?xml version="1.0" encoding="UTF-8"?>
<!-- Generated by org.testng.reporters.JUnitReportReporter -->
<testsuite hostname="Folkslogic01" failures="0" tests="6" name="com.testcases.LoginfunctionalityTest" time="64.302" errors="0" timestamp="2024-03-12T11:35:27 IST" skipped="0">
  <testcase classname="com.testcases.LoginfunctionalityTest" name="loginwithvalidCredentials" time="10.888"/>
  <testcase classname="com.testcases.LoginfunctionalityTest" name="loginwithvalidCredentials" time="11.229"/>
  <testcase classname="com.testcases.LoginfunctionalityTest" name="loginwithvalidCredentials" time="10.624"/>
  <testcase classname="com.testcases.LoginfunctionalityTest" name="loginwithinvalidCredentials" time="10.675"/>
  <testcase classname="com.testcases.LoginfunctionalityTest" name="loginwithInnvalidEmailandvalidPassword" time="11.567"/>
  <testcase classname="com.testcases.LoginfunctionalityTest" name="loginwithValidEmailandInvalidPassword" time="9.319"/>
</testsuite> <!-- com.testcases.LoginfunctionalityTest -->
